2025-03-23 23:17:55,557 - INFO - Connecting to database: postgresql:***@localhost:5432/consulting_firms
2025-03-23 23:17:55,651 - ERROR - Failed to connect to database: (psycopg2.OperationalError) 
(Background on this error at: https://sqlalche.me/e/20/e3q8)
2025-03-23 23:21:24,372 - INFO - Connecting to database: postgresql:***@localhost:5432/consulting_firms
2025-03-23 23:21:24,474 - INFO - Successfully connected to the database
2025-03-23 23:21:24,547 - INFO - Starting scraping process...
2025-03-23 23:21:24,548 - INFO - Searching for term: Beratung München
2025-03-23 23:22:14,021 - ERROR - Error during scraping: Timeout 30000ms exceeded.
2025-03-23 23:22:14,144 - INFO - Searching for term: Consulting München
2025-03-23 23:22:52,095 - ERROR - Error during scraping: Timeout 30000ms exceeded.
2025-03-23 23:22:52,202 - INFO - Searching for term: Strategieberatung München
2025-03-23 23:23:30,683 - ERROR - Error during scraping: Timeout 30000ms exceeded.
2025-03-23 23:23:30,764 - INFO - Searching for term: IT-Beratung München
2025-03-23 23:24:08,146 - ERROR - Error during scraping: Timeout 30000ms exceeded.
2025-03-23 23:24:08,257 - INFO - Searching for term: Unternehmensberatung München
2025-03-23 23:24:45,911 - ERROR - Error during scraping: Timeout 30000ms exceeded.
2025-03-23 23:24:46,052 - INFO - Searching for term: Digitalisierung München
2025-03-23 23:25:24,776 - ERROR - Error during scraping: Timeout 30000ms exceeded.
2025-03-23 23:25:24,883 - INFO - Searching for term: Management Consulting München
2025-03-23 23:26:04,789 - ERROR - Error during scraping: Timeout 30000ms exceeded.
2025-03-23 23:26:04,912 - INFO - Scraping process completed
2025-03-23 23:30:56,714 - INFO - Connecting to database: postgresql:***@localhost:5432/consulting_firms
2025-03-23 23:30:56,910 - INFO - Successfully connected to the database
2025-03-23 23:30:56,922 - INFO - Starting scraping process...
2025-03-23 23:30:56,923 - INFO - Searching for term: Beratung München
2025-03-23 23:32:08,477 - ERROR - Error during search attempt 1/3: Timeout 60000ms exceeded.
2025-03-23 23:33:13,524 - ERROR - Error during search attempt 2/3: Timeout 60000ms exceeded.
2025-03-23 23:34:18,555 - ERROR - Error during search attempt 3/3: Timeout 60000ms exceeded.
2025-03-23 23:34:18,556 - ERROR - Error during scraping: Timeout 60000ms exceeded.
2025-03-23 23:34:18,712 - INFO - Searching for term: Consulting München
2025-03-23 23:35:29,654 - ERROR - Error during search attempt 1/3: Timeout 60000ms exceeded.
2025-03-23 23:36:34,690 - ERROR - Error during search attempt 2/3: Timeout 60000ms exceeded.
2025-03-23 23:37:39,731 - ERROR - Error during search attempt 3/3: Timeout 60000ms exceeded.
2025-03-23 23:37:39,733 - ERROR - Error during scraping: Timeout 60000ms exceeded.
2025-03-23 23:37:39,821 - INFO - Searching for term: Strategieberatung München
2025-03-23 23:38:51,179 - ERROR - Error during search attempt 1/3: Timeout 60000ms exceeded.
2025-03-23 23:39:56,216 - ERROR - Error during search attempt 2/3: Timeout 60000ms exceeded.
2025-03-23 23:41:01,247 - ERROR - Error during search attempt 3/3: Timeout 60000ms exceeded.
2025-03-23 23:41:01,248 - ERROR - Error during scraping: Timeout 60000ms exceeded.
2025-03-23 23:41:01,363 - INFO - Searching for term: IT-Beratung München
2025-03-23 23:42:11,585 - ERROR - Error during search attempt 1/3: Timeout 60000ms exceeded.
2025-03-23 23:43:16,630 - ERROR - Error during search attempt 2/3: Timeout 60000ms exceeded.
2025-03-23 23:54:52,556 - INFO - Connecting to database: postgresql:***@localhost:5432/consulting_firms
2025-03-23 23:54:52,644 - INFO - Successfully connected to the database
2025-03-23 23:54:52,654 - INFO - Starting scraping process...
2025-03-23 23:54:52,655 - INFO - Searching for term: Unternehmensberatung München
2025-03-23 23:56:22,029 - ERROR - Error during search attempt 1/3: Timeout 60000ms exceeded.
2025-03-23 23:57:47,217 - ERROR - Error during search attempt 2/3: Timeout 60000ms exceeded.
2025-03-23 23:59:07,839 - ERROR - Error during search attempt 3/3: Timeout 60000ms exceeded.
2025-03-23 23:59:07,840 - ERROR - Error during scraping: Timeout 60000ms exceeded.
2025-03-23 23:59:33,452 - INFO - Searching for term: Strategieberatung München
2025-03-24 00:00:49,227 - ERROR - Error during search attempt 1/3: Timeout 60000ms exceeded.
2025-03-24 00:02:10,717 - ERROR - Error during search attempt 2/3: Timeout 60000ms exceeded.
2025-03-24 00:03:34,941 - ERROR - Error during search attempt 3/3: Timeout 60000ms exceeded.
2025-03-24 00:03:34,942 - ERROR - Error during scraping: Timeout 60000ms exceeded.
2025-03-24 00:04:03,601 - INFO - Searching for term: IT-Beratung München
2025-03-24 00:05:23,677 - ERROR - Error during search attempt 1/3: Timeout 60000ms exceeded.
2025-03-24 00:06:54,379 - ERROR - Error during search attempt 2/3: Timeout 60000ms exceeded.
2025-03-24 00:08:12,821 - ERROR - Error during search attempt 3/3: Timeout 60000ms exceeded.
2025-03-24 00:08:12,823 - ERROR - Error during scraping: Timeout 60000ms exceeded.
2025-03-24 00:08:32,734 - INFO - Searching for term: Digitalisierung München
2025-03-24 00:09:50,339 - ERROR - Error during search attempt 1/3: Timeout 60000ms exceeded.
2025-03-24 00:11:07,860 - ERROR - Error during search attempt 2/3: Timeout 60000ms exceeded.
2025-03-24 00:12:36,187 - ERROR - Error during search attempt 3/3: Timeout 60000ms exceeded.
2025-03-24 00:12:36,187 - ERROR - Error during scraping: Timeout 60000ms exceeded.
2025-03-24 00:12:58,248 - INFO - Searching for term: Management Consulting München
2025-03-24 00:13:26,525 - ERROR - Error during search attempt 1/3: net::ERR_CONNECTION_TIMED_OUT at https://www.bdu.de/beraterdatenbank#
2025-03-24 00:14:08,748 - ERROR - Error during search attempt 2/3: net::ERR_CONNECTION_TIMED_OUT at https://www.bdu.de/beraterdatenbank#
2025-03-24 00:16:00,243 - ERROR - Error during search attempt 3/3: Timeout 60000ms exceeded.
2025-03-24 00:16:00,244 - ERROR - Error during scraping: Timeout 60000ms exceeded.
2025-03-24 00:16:22,812 - INFO - Searching for term: Consulting München
2025-03-24 00:17:40,995 - ERROR - Error during search attempt 1/3: Timeout 60000ms exceeded.
2025-03-24 00:18:59,704 - ERROR - Error during search attempt 2/3: Timeout 60000ms exceeded.
2025-03-24 00:20:24,595 - ERROR - Error during search attempt 3/3: Timeout 60000ms exceeded.
2025-03-24 00:20:24,596 - ERROR - Error during scraping: Timeout 60000ms exceeded.
2025-03-24 00:20:46,353 - INFO - Searching for term: Beratung München
2025-03-24 00:22:05,879 - ERROR - Error during search attempt 1/3: Timeout 60000ms exceeded.
2025-03-24 00:23:28,387 - ERROR - Error during search attempt 2/3: Timeout 60000ms exceeded.
2025-03-24 00:24:55,559 - ERROR - Error during search attempt 3/3: Timeout 60000ms exceeded.
2025-03-24 00:24:55,560 - ERROR - Error during scraping: Timeout 60000ms exceeded.
2025-03-24 00:25:23,820 - INFO - Scraping process completed
2025-03-24 00:53:36,425 - ERROR - Error processing search term Beratung München: Timeout 30000ms exceeded.
2025-03-24 00:53:57,496 - ERROR - Error processing search term Management Consulting München: net::ERR_CONNECTION_TIMED_OUT at https://www.bdu.de/beraterdatenbank
2025-03-24 00:54:06,666 - ERROR - Error processing search term Consulting München: net::ERR_NAME_NOT_RESOLVED at https://www.bdu.de/beraterdatenbank
2025-03-24 00:55:07,752 - ERROR - Error processing search term Unternehmensberatung München: Timeout 30000ms exceeded.
2025-03-24 00:58:36,811 - ERROR - Could not find search input
2025-03-24 00:58:36,822 - INFO - Page content: <!DOCTYPE html><html dir="ltr"><head lang="de">
    <meta charset="UTF-8">
    <title>Datenbank Unternehmensberater</title>
    <meta name="keywords" content="">
    <meta name="description" content="Take the best, leave the rest! - Finden Sie einen Berater mithilfe unserer Beraterdatenbank">
    <meta name="google-site-verification" content="77GetJl3TPojsJ1rI2SVg-V9hUxTfdVX8RbmwGvxr1I">

    <meta name="viewport" content="initial-scale=1.0">

    <link rel="shortcut icon" type="image/x-icon" href="/favicon-bdu.ico">


        <link rel="canonical" href="https://www.bdu.de/beraterdatenbank/">

    <!-- Stylesheets
        ============================================= -->
    <link href="/css/GoogleFonts.css?v=16010101120000" type="text/css" rel="stylesheet">
    <link href="/Theme/css/bootstrap.css?v=20240109092420" type="text/css" rel="stylesheet">
    <link href="/Theme/css/style.css?v=20240109092420" type="text/css" rel="stylesheet">
    <link href="/Theme/css/swiper.css?v=202401090
2025-03-24 00:59:13,004 - ERROR - Could not find search input
2025-03-24 00:59:13,016 - INFO - Page content: <!DOCTYPE html><html dir="ltr"><head lang="de">
    <meta charset="UTF-8">
    <title>Datenbank Unternehmensberater</title>
    <meta name="keywords" content="">
    <meta name="description" content="Take the best, leave the rest! - Finden Sie einen Berater mithilfe unserer Beraterdatenbank">
    <meta name="google-site-verification" content="77GetJl3TPojsJ1rI2SVg-V9hUxTfdVX8RbmwGvxr1I">

    <meta name="viewport" content="initial-scale=1.0">

    <link rel="shortcut icon" type="image/x-icon" href="/favicon-bdu.ico">


        <link rel="canonical" href="https://www.bdu.de/beraterdatenbank/">

    <!-- Stylesheets
        ============================================= -->
    <link href="/css/GoogleFonts.css?v=16010101120000" type="text/css" rel="stylesheet">
    <link href="/Theme/css/bootstrap.css?v=20240109092420" type="text/css" rel="stylesheet">
    <link href="/Theme/css/style.css?v=20240109092420" type="text/css" rel="stylesheet">
    <link href="/Theme/css/swiper.css?v=202401090
2025-03-24 00:59:48,693 - ERROR - Could not find search input
2025-03-24 00:59:48,705 - INFO - Page content: <!DOCTYPE html><html dir="ltr"><head lang="de">
    <meta charset="UTF-8">
    <title>Datenbank Unternehmensberater</title>
    <meta name="keywords" content="">
    <meta name="description" content="Take the best, leave the rest! - Finden Sie einen Berater mithilfe unserer Beraterdatenbank">
    <meta name="google-site-verification" content="77GetJl3TPojsJ1rI2SVg-V9hUxTfdVX8RbmwGvxr1I">

    <meta name="viewport" content="initial-scale=1.0">

    <link rel="shortcut icon" type="image/x-icon" href="/favicon-bdu.ico">


        <link rel="canonical" href="https://www.bdu.de/beraterdatenbank/">

    <!-- Stylesheets
        ============================================= -->
    <link href="/css/GoogleFonts.css?v=16010101120000" type="text/css" rel="stylesheet">
    <link href="/Theme/css/bootstrap.css?v=20240109092420" type="text/css" rel="stylesheet">
    <link href="/Theme/css/style.css?v=20240109092420" type="text/css" rel="stylesheet">
    <link href="/Theme/css/swiper.css?v=202401090
2025-03-24 01:00:25,796 - ERROR - Could not find search input
2025-03-24 01:00:25,808 - INFO - Page content: <!DOCTYPE html><html dir="ltr"><head lang="de">
    <meta charset="UTF-8">
    <title>Datenbank Unternehmensberater</title>
    <meta name="keywords" content="">
    <meta name="description" content="Take the best, leave the rest! - Finden Sie einen Berater mithilfe unserer Beraterdatenbank">
    <meta name="google-site-verification" content="77GetJl3TPojsJ1rI2SVg-V9hUxTfdVX8RbmwGvxr1I">

    <meta name="viewport" content="initial-scale=1.0">

    <link rel="shortcut icon" type="image/x-icon" href="/favicon-bdu.ico">


        <link rel="canonical" href="https://www.bdu.de/beraterdatenbank/">

    <!-- Stylesheets
        ============================================= -->
    <link href="/css/GoogleFonts.css?v=16010101120000" type="text/css" rel="stylesheet">
    <link href="/Theme/css/bootstrap.css?v=20240109092420" type="text/css" rel="stylesheet">
    <link href="/Theme/css/style.css?v=20240109092420" type="text/css" rel="stylesheet">
    <link href="/Theme/css/swiper.css?v=202401090
2025-03-24 01:01:01,545 - ERROR - Could not find search input
2025-03-24 01:01:01,557 - INFO - Page content: <!DOCTYPE html><html dir="ltr"><head lang="de">
    <meta charset="UTF-8">
    <title>Datenbank Unternehmensberater</title>
    <meta name="keywords" content="">
    <meta name="description" content="Take the best, leave the rest! - Finden Sie einen Berater mithilfe unserer Beraterdatenbank">
    <meta name="google-site-verification" content="77GetJl3TPojsJ1rI2SVg-V9hUxTfdVX8RbmwGvxr1I">

    <meta name="viewport" content="initial-scale=1.0">

    <link rel="shortcut icon" type="image/x-icon" href="/favicon-bdu.ico">


        <link rel="canonical" href="https://www.bdu.de/beraterdatenbank/">

    <!-- Stylesheets
        ============================================= -->
    <link href="/css/GoogleFonts.css?v=16010101120000" type="text/css" rel="stylesheet">
    <link href="/Theme/css/bootstrap.css?v=20240109092420" type="text/css" rel="stylesheet">
    <link href="/Theme/css/style.css?v=20240109092420" type="text/css" rel="stylesheet">
    <link href="/Theme/css/swiper.css?v=202401090
2025-03-24 01:01:38,365 - ERROR - Could not find search input
2025-03-24 01:01:38,374 - INFO - Page content: <!DOCTYPE html><html dir="ltr"><head lang="de">
    <meta charset="UTF-8">
    <title>Datenbank Unternehmensberater</title>
    <meta name="keywords" content="">
    <meta name="description" content="Take the best, leave the rest! - Finden Sie einen Berater mithilfe unserer Beraterdatenbank">
    <meta name="google-site-verification" content="77GetJl3TPojsJ1rI2SVg-V9hUxTfdVX8RbmwGvxr1I">

    <meta name="viewport" content="initial-scale=1.0">

    <link rel="shortcut icon" type="image/x-icon" href="/favicon-bdu.ico">


        <link rel="canonical" href="https://www.bdu.de/beraterdatenbank/">

    <!-- Stylesheets
        ============================================= -->
    <link href="/css/GoogleFonts.css?v=16010101120000" type="text/css" rel="stylesheet">
    <link href="/Theme/css/bootstrap.css?v=20240109092420" type="text/css" rel="stylesheet">
    <link href="/Theme/css/style.css?v=20240109092420" type="text/css" rel="stylesheet">
    <link href="/Theme/css/swiper.css?v=202401090
2025-03-24 01:02:16,277 - ERROR - Could not find search input
2025-03-24 01:02:16,289 - INFO - Page content: <!DOCTYPE html><html dir="ltr"><head lang="de">
    <meta charset="UTF-8">
    <title>Datenbank Unternehmensberater</title>
    <meta name="keywords" content="">
    <meta name="description" content="Take the best, leave the rest! - Finden Sie einen Berater mithilfe unserer Beraterdatenbank">
    <meta name="google-site-verification" content="77GetJl3TPojsJ1rI2SVg-V9hUxTfdVX8RbmwGvxr1I">

    <meta name="viewport" content="initial-scale=1.0">

    <link rel="shortcut icon" type="image/x-icon" href="/favicon-bdu.ico">


        <link rel="canonical" href="https://www.bdu.de/beraterdatenbank/">

    <!-- Stylesheets
        ============================================= -->
    <link href="/css/GoogleFonts.css?v=16010101120000" type="text/css" rel="stylesheet">
    <link href="/Theme/css/bootstrap.css?v=20240109092420" type="text/css" rel="stylesheet">
    <link href="/Theme/css/style.css?v=20240109092420" type="text/css" rel="stylesheet">
    <link href="/Theme/css/swiper.css?v=202401090
2025-03-24 01:06:19,543 - INFO - Starting scraping process...
2025-03-24 01:06:23,918 - INFO - patching driver executable C:\Users\Murat\appdata\roaming\undetected_chromedriver\undetected_chromedriver.exe
2025-03-24 01:06:26,735 - INFO - Processing search term: IT-Beratung München
2025-03-24 01:07:02,949 - ERROR - Error processing search term IT-Beratung München: Message: 
Stacktrace:
	GetHandleVerifier [0x0118C7F3+24435]
	(No symbol) [0x01112074]
	(No symbol) [0x00FE06E3]
	(No symbol) [0x01028B39]
	(No symbol) [0x01028E8B]
	(No symbol) [0x01071AC2]
	(No symbol) [0x0104D804]
	(No symbol) [0x0106F20A]
	(No symbol) [0x0104D5B6]
	(No symbol) [0x0101C54F]
	(No symbol) [0x0101D894]
	GetHandleVerifier [0x014970A3+3213347]
	GetHandleVerifier [0x014AB0C9+3295305]
	GetHandleVerifier [0x014A558C+3271948]
	GetHandleVerifier [0x01227360+658144]
	(No symbol) [0x0111B27D]
	(No symbol) [0x01118208]
	(No symbol) [0x011183A9]
	(No symbol) [0x0110AAC0]
	BaseThreadInitThunk [0x75B55D49+25]
	RtlInitializeExceptionChain [0x77D0CE3B+107]
	RtlGetAppContainerNamedObjectPath [0x77D0CDC1+561]

2025-03-24 01:07:02,952 - INFO - Processing search term: Consulting München
2025-03-24 01:07:32,459 - ERROR - Error processing search term Consulting München: Message: 
Stacktrace:
	GetHandleVerifier [0x0118C7F3+24435]
	(No symbol) [0x01112074]
	(No symbol) [0x00FE06E3]
	(No symbol) [0x01028B39]
	(No symbol) [0x01028E8B]
	(No symbol) [0x01071AC2]
	(No symbol) [0x0104D804]
	(No symbol) [0x0106F20A]
	(No symbol) [0x0104D5B6]
	(No symbol) [0x0101C54F]
	(No symbol) [0x0101D894]
	GetHandleVerifier [0x014970A3+3213347]
	GetHandleVerifier [0x014AB0C9+3295305]
	GetHandleVerifier [0x014A558C+3271948]
	GetHandleVerifier [0x01227360+658144]
	(No symbol) [0x0111B27D]
	(No symbol) [0x01118208]
	(No symbol) [0x011183A9]
	(No symbol) [0x0110AAC0]
	BaseThreadInitThunk [0x75B55D49+25]
	RtlInitializeExceptionChain [0x77D0CE3B+107]
	RtlGetAppContainerNamedObjectPath [0x77D0CDC1+561]

2025-03-24 01:07:32,460 - INFO - Processing search term: Strategieberatung München
2025-03-24 01:07:59,794 - ERROR - Error processing search term Strategieberatung München: Message: 
Stacktrace:
	GetHandleVerifier [0x0118C7F3+24435]
	(No symbol) [0x01112074]
	(No symbol) [0x00FE06E3]
	(No symbol) [0x01028B39]
	(No symbol) [0x01028E8B]
	(No symbol) [0x01071AC2]
	(No symbol) [0x0104D804]
	(No symbol) [0x0106F20A]
	(No symbol) [0x0104D5B6]
	(No symbol) [0x0101C54F]
	(No symbol) [0x0101D894]
	GetHandleVerifier [0x014970A3+3213347]
	GetHandleVerifier [0x014AB0C9+3295305]
	GetHandleVerifier [0x014A558C+3271948]
	GetHandleVerifier [0x01227360+658144]
	(No symbol) [0x0111B27D]
	(No symbol) [0x01118208]
	(No symbol) [0x011183A9]
	(No symbol) [0x0110AAC0]
	BaseThreadInitThunk [0x75B55D49+25]
	RtlInitializeExceptionChain [0x77D0CE3B+107]
	RtlGetAppContainerNamedObjectPath [0x77D0CDC1+561]

2025-03-24 01:07:59,795 - INFO - Processing search term: Beratung München
2025-03-24 01:08:27,958 - ERROR - Error processing search term Beratung München: Message: 
Stacktrace:
	GetHandleVerifier [0x0118C7F3+24435]
	(No symbol) [0x01112074]
	(No symbol) [0x00FE06E3]
	(No symbol) [0x01028B39]
	(No symbol) [0x01028E8B]
	(No symbol) [0x01071AC2]
	(No symbol) [0x0104D804]
	(No symbol) [0x0106F20A]
	(No symbol) [0x0104D5B6]
	(No symbol) [0x0101C54F]
	(No symbol) [0x0101D894]
	GetHandleVerifier [0x014970A3+3213347]
	GetHandleVerifier [0x014AB0C9+3295305]
	GetHandleVerifier [0x014A558C+3271948]
	GetHandleVerifier [0x01227360+658144]
	(No symbol) [0x0111B27D]
	(No symbol) [0x01118208]
	(No symbol) [0x011183A9]
	(No symbol) [0x0110AAC0]
	BaseThreadInitThunk [0x75B55D49+25]
	RtlInitializeExceptionChain [0x77D0CE3B+107]
	RtlGetAppContainerNamedObjectPath [0x77D0CDC1+561]

2025-03-24 01:08:27,959 - INFO - Processing search term: Unternehmensberatung München
2025-03-24 01:08:56,283 - ERROR - Error processing search term Unternehmensberatung München: Message: 
Stacktrace:
	GetHandleVerifier [0x0118C7F3+24435]
	(No symbol) [0x01112074]
	(No symbol) [0x00FE06E3]
	(No symbol) [0x01028B39]
	(No symbol) [0x01028E8B]
	(No symbol) [0x01071AC2]
	(No symbol) [0x0104D804]
	(No symbol) [0x0106F20A]
	(No symbol) [0x0104D5B6]
	(No symbol) [0x0101C54F]
	(No symbol) [0x0101D894]
	GetHandleVerifier [0x014970A3+3213347]
	GetHandleVerifier [0x014AB0C9+3295305]
	GetHandleVerifier [0x014A558C+3271948]
	GetHandleVerifier [0x01227360+658144]
	(No symbol) [0x0111B27D]
	(No symbol) [0x01118208]
	(No symbol) [0x011183A9]
	(No symbol) [0x0110AAC0]
	BaseThreadInitThunk [0x75B55D49+25]
	RtlInitializeExceptionChain [0x77D0CE3B+107]
	RtlGetAppContainerNamedObjectPath [0x77D0CDC1+561]

2025-03-24 01:08:57,018 - INFO - Scraping process completed
2025-03-24 01:13:28,466 - INFO - Starting scraping process...
2025-03-24 01:19:28,960 - INFO - Starting scraping process...
2025-03-24 01:19:28,961 - INFO - ====== WebDriver manager ======
2025-03-24 01:19:30,245 - INFO - Get LATEST chromedriver version for google-chrome
2025-03-24 01:19:30,364 - INFO - Get LATEST chromedriver version for google-chrome
2025-03-24 01:19:30,449 - INFO - There is no [win64] chromedriver "134.0.6998.165" for browser google-chrome "134.0.6998" in cache
2025-03-24 01:19:30,450 - INFO - Get LATEST chromedriver version for google-chrome
2025-03-24 01:19:30,721 - INFO - WebDriver version 134.0.6998.165 selected
2025-03-24 01:19:30,725 - INFO - Modern chrome version https://storage.googleapis.com/chrome-for-testing-public/134.0.6998.165/win32/chromedriver-win32.zip
2025-03-24 01:19:30,725 - INFO - About to download new driver from https://storage.googleapis.com/chrome-for-testing-public/134.0.6998.165/win32/chromedriver-win32.zip
2025-03-24 01:19:30,877 - INFO - Driver downloading response is 200
2025-03-24 01:19:34,201 - INFO - Get LATEST chromedriver version for google-chrome
2025-03-24 01:19:35,179 - INFO - Driver has been saved in cache [C:\Users\Murat\.wdm\drivers\chromedriver\win64\134.0.6998.165]
2025-03-24 01:20:57,121 - INFO - Starting scraping process...
2025-03-24 01:20:57,123 - INFO - ====== WebDriver manager ======
2025-03-24 01:20:58,164 - INFO - Get LATEST chromedriver version for google-chrome
2025-03-24 01:20:58,264 - INFO - Get LATEST chromedriver version for google-chrome
2025-03-24 01:20:58,356 - INFO - Driver [C:\Users\Murat\.wdm\drivers\chromedriver\win64\134.0.6998.165\chromedriver-win32/chromedriver.exe] found in cache
2025-03-24 01:21:00,554 - INFO - Processing search term: Consulting München
2025-03-24 01:21:36,836 - ERROR - Error processing search term Consulting München: Message: 
Stacktrace:
	GetHandleVerifier [0x009EC7F3+24435]
	(No symbol) [0x00972074]
	(No symbol) [0x008406E3]
	(No symbol) [0x00888B39]
	(No symbol) [0x00888E8B]
	(No symbol) [0x008D1AC2]
	(No symbol) [0x008AD804]
	(No symbol) [0x008CF20A]
	(No symbol) [0x008AD5B6]
	(No symbol) [0x0087C54F]
	(No symbol) [0x0087D894]
	GetHandleVerifier [0x00CF70A3+3213347]
	GetHandleVerifier [0x00D0B0C9+3295305]
	GetHandleVerifier [0x00D0558C+3271948]
	GetHandleVerifier [0x00A87360+658144]
	(No symbol) [0x0097B27D]
	(No symbol) [0x00978208]
	(No symbol) [0x009783A9]
	(No symbol) [0x0096AAC0]
	BaseThreadInitThunk [0x75B55D49+25]
	RtlInitializeExceptionChain [0x77D0CE3B+107]
	RtlGetAppContainerNamedObjectPath [0x77D0CDC1+561]

2025-03-24 01:21:36,837 - INFO - Processing search term: Unternehmensberatung München
2025-03-24 01:22:11,084 - ERROR - Error processing search term Unternehmensberatung München: Message: 
Stacktrace:
	GetHandleVerifier [0x009EC7F3+24435]
	(No symbol) [0x00972074]
	(No symbol) [0x008406E3]
	(No symbol) [0x00888B39]
	(No symbol) [0x00888E8B]
	(No symbol) [0x008D1AC2]
	(No symbol) [0x008AD804]
	(No symbol) [0x008CF20A]
	(No symbol) [0x008AD5B6]
	(No symbol) [0x0087C54F]
	(No symbol) [0x0087D894]
	GetHandleVerifier [0x00CF70A3+3213347]
	GetHandleVerifier [0x00D0B0C9+3295305]
	GetHandleVerifier [0x00D0558C+3271948]
	GetHandleVerifier [0x00A87360+658144]
	(No symbol) [0x0097B27D]
	(No symbol) [0x00978208]
	(No symbol) [0x009783A9]
	(No symbol) [0x0096AAC0]
	BaseThreadInitThunk [0x75B55D49+25]
	RtlInitializeExceptionChain [0x77D0CE3B+107]
	RtlGetAppContainerNamedObjectPath [0x77D0CDC1+561]

2025-03-24 01:22:11,085 - INFO - Processing search term: Beratung München
2025-03-24 01:22:44,309 - ERROR - Error processing search term Beratung München: Message: 
Stacktrace:
	GetHandleVerifier [0x009EC7F3+24435]
	(No symbol) [0x00972074]
	(No symbol) [0x008406E3]
	(No symbol) [0x00888B39]
	(No symbol) [0x00888E8B]
	(No symbol) [0x008D1AC2]
	(No symbol) [0x008AD804]
	(No symbol) [0x008CF20A]
	(No symbol) [0x008AD5B6]
	(No symbol) [0x0087C54F]
	(No symbol) [0x0087D894]
	GetHandleVerifier [0x00CF70A3+3213347]
	GetHandleVerifier [0x00D0B0C9+3295305]
	GetHandleVerifier [0x00D0558C+3271948]
	GetHandleVerifier [0x00A87360+658144]
	(No symbol) [0x0097B27D]
	(No symbol) [0x00978208]
	(No symbol) [0x009783A9]
	(No symbol) [0x0096AAC0]
	BaseThreadInitThunk [0x75B55D49+25]
	RtlInitializeExceptionChain [0x77D0CE3B+107]
	RtlGetAppContainerNamedObjectPath [0x77D0CDC1+561]

2025-03-24 01:22:44,311 - INFO - Processing search term: Strategieberatung München
2025-03-24 01:23:16,585 - ERROR - Error processing search term Strategieberatung München: Message: 
Stacktrace:
	GetHandleVerifier [0x009EC7F3+24435]
	(No symbol) [0x00972074]
	(No symbol) [0x008406E3]
	(No symbol) [0x00888B39]
	(No symbol) [0x00888E8B]
	(No symbol) [0x008D1AC2]
	(No symbol) [0x008AD804]
	(No symbol) [0x008CF20A]
	(No symbol) [0x008AD5B6]
	(No symbol) [0x0087C54F]
	(No symbol) [0x0087D894]
	GetHandleVerifier [0x00CF70A3+3213347]
	GetHandleVerifier [0x00D0B0C9+3295305]
	GetHandleVerifier [0x00D0558C+3271948]
	GetHandleVerifier [0x00A87360+658144]
	(No symbol) [0x0097B27D]
	(No symbol) [0x00978208]
	(No symbol) [0x009783A9]
	(No symbol) [0x0096AAC0]
	BaseThreadInitThunk [0x75B55D49+25]
	RtlInitializeExceptionChain [0x77D0CE3B+107]
	RtlGetAppContainerNamedObjectPath [0x77D0CDC1+561]

2025-03-24 01:23:16,586 - INFO - Processing search term: IT-Beratung München
2025-03-24 01:24:50,629 - ERROR - Error processing search term IT-Beratung München: Message: 
Stacktrace:
	GetHandleVerifier [0x009EC7F3+24435]
	(No symbol) [0x00972074]
	(No symbol) [0x008406E3]
	(No symbol) [0x00888B39]
	(No symbol) [0x00888E8B]
	(No symbol) [0x008D1AC2]
	(No symbol) [0x008AD804]
	(No symbol) [0x008CF20A]
	(No symbol) [0x008AD5B6]
	(No symbol) [0x0087C54F]
	(No symbol) [0x0087D894]
	GetHandleVerifier [0x00CF70A3+3213347]
	GetHandleVerifier [0x00D0B0C9+3295305]
	GetHandleVerifier [0x00D0558C+3271948]
	GetHandleVerifier [0x00A87360+658144]
	(No symbol) [0x0097B27D]
	(No symbol) [0x00978208]
	(No symbol) [0x009783A9]
	(No symbol) [0x0096AAC0]
	BaseThreadInitThunk [0x75B55D49+25]
	RtlInitializeExceptionChain [0x77D0CE3B+107]
	RtlGetAppContainerNamedObjectPath [0x77D0CDC1+561]

2025-03-24 01:24:52,961 - INFO - Scraping process completed
